<?xml version="1.0" encoding="UTF-8"?>
<!-- Generated by org.testng.reporters.JUnitReportReporter -->
<testsuite hostname="KCSLAP5197" failures="0" tests="1" name="restassured.test.Basiccode3_PutPlace" time="9.052" errors="0" timestamp="2022-09-29T16:10:07 IST" skipped="0">
  <testcase classname="restassured.test.Basiccode3_PutPlace" name="get_CARA_Access_Token" time="9.052"/>
  <system-out/>
</testsuite> <!-- restassured.test.Basiccode3_PutPlace -->
