<?xml version="1.0" encoding="UTF-8"?>
<!-- Generated by org.testng.reporters.JUnitReportReporter -->
<testsuite hostname="KCSLAP5197" failures="0" tests="1" name="restassured.test.CdpAccesstoken" time="6.143" errors="0" timestamp="2022-09-29T16:47:40 IST" skipped="0">
  <testcase classname="restassured.test.CdpAccesstoken" name="get_Cdp_Access_Token" time="6.143"/>
  <system-out/>
</testsuite> <!-- restassured.test.CdpAccesstoken -->
