<?xml version="1.0" encoding="UTF-8"?>
<!-- Generated by org.testng.reporters.JUnitReportReporter -->
<testsuite hostname="KCSLAP5197" failures="0" tests="2" name="restassured.test.TestGetCTI" time="28.416" errors="0" timestamp="2022-09-30T18:00:15 IST" skipped="0">
  <testcase classname="restassured.test.TestGetCTI" name="get_CDP_Response" time="7.216"/>
  <system-out/>
  <testcase classname="restassured.test.TestGetCTI" name="get_CARA_Response" time="21.200"/>
  <system-out/>
</testsuite> <!-- restassured.test.TestGetCTI -->
